<?xml version="1.0" encoding="UTF-8"?>
<testsuite name="com.bridgelabz.moodAnalyzerTest" tests="4" skipped="0" failures="0" errors="0" timestamp="2019-11-26T06:28:41" hostname="abc-Lenovo-V130-15IKB" time="0.008">
  <properties/>
  <testcase name="given_message_shouldReturn_HAPPY" classname="com.bridgelabz.moodAnalyzerTest" time="0.006"/>
  <testcase name="given_message_isEmpty" classname="com.bridgelabz.moodAnalyzerTest" time="0.001"/>
  <testcase name="given_message_ShouldReturn_Happy_noparameter_Contructors" classname="com.bridgelabz.moodAnalyzerTest" time="0.001"/>
  <testcase name="given_message_shouldReturn_SAD" classname="com.bridgelabz.moodAnalyzerTest" time="0.0"/>
  <system-out><![CDATA[HAPPY
HAPPY
SAD
]]></system-out>
  <system-err><![CDATA[]]></system-err>
</testsuite>
