<?xml version="1.0" encoding="UTF-8"?>
<testsuite name="com.bridgelabz.moodAnalyzerTest" tests="2" skipped="0" failures="0" errors="0" timestamp="2019-11-26T04:35:24" hostname="abc-Lenovo-V130-15IKB" time="0.001">
  <properties/>
  <testcase name="given_message_shouldReturn_HAPPY" classname="com.bridgelabz.moodAnalyzerTest" time="0.001"/>
  <testcase name="given_message_shouldReturn_SAD" classname="com.bridgelabz.moodAnalyzerTest" time="0.0"/>
  <system-out><![CDATA[]]></system-out>
  <system-err><![CDATA[]]></system-err>
</testsuite>
