<?xml version="1.0" encoding="UTF-8"?>
<testsuite name="com.bridgelabz.moodAnalyzerTest" tests="1" skipped="0" failures="0" errors="0" timestamp="2019-11-26T07:57:24" hostname="abc-Lenovo-V130-15IKB" time="0.002">
  <properties/>
  <testcase name="given_moodAnalyser_whenProper_shouldReturnObject" classname="com.bridgelabz.moodAnalyzerTest" time="0.002"/>
  <system-out><![CDATA[]]></system-out>
  <system-err><![CDATA[]]></system-err>
</testsuite>
